<?xml version="1.0" encoding="UTF-8"?>
<!-- Generated by org.testng.reporters.JUnitXMLReporter -->
<testsuite hostname="LAPTOP-O49DF7TP" ignored="0" name="LoginLogout" tests="3" failures="0" timestamp="06 Feb 2018 14:57:32 GMT" time="10.823" errors="0">
  <testcase name="login" time="3.725" classname="com.staff.UserLogout"/>
  <testcase name="settings" time="2.891" classname="com.staff.UserLogout"/>
  <testcase name="logout" time="0.204" classname="com.staff.UserLogout"/>
</testsuite> <!-- LoginLogout -->
