<?xml version="1.0" encoding="UTF-8"?>
<!-- Generated by org.testng.reporters.JUnitXMLReporter -->
<testsuite hostname="LAPTOP-O49DF7TP" ignored="0" name="TestGurukula" tests="18" failures="0" timestamp="06 Feb 2018 10:34:50 GMT" time="130.62" errors="0">
  <testcase name="login" time="3.901" classname="com.staff.UserLogin"/>
  <testcase name="newBranch" time="1.684" classname="com.staff.AddNewBranch"/>
  <testcase name="newBranch2" time="4.966" classname="com.staff.AddNewBranch"/>
  <testcase name="newBranch3" time="4.883" classname="com.staff.AddNewBranch"/>
  <testcase name="newBranch4" time="4.865" classname="com.staff.AddNewBranch"/>
  <testcase name="viewBranch" time="6.134" classname="com.staff.ViewBranch"/>
  <testcase name="editBranch" time="4.71" classname="com.staff.EditBranch"/>
  <testcase name="editBranchInv" time="6.136" classname="com.staff.EditBranch"/>
  <testcase name="searchBranch" time="10.004" classname="com.staff.SearchBranch"/>
  <testcase name="delBranch" time="11.823" classname="com.staff.DeleteBranch"/>
  <testcase name="addStaff" time="9.583" classname="com.staff.AddNewStaff"/>
  <testcase name="addStaff1" time="9.351" classname="com.staff.AddNewStaff"/>
  <testcase name="addStaff2" time="9.684" classname="com.staff.AddNewStaff"/>
  <testcase name="addStaff3" time="9.279" classname="com.staff.AddNewStaff"/>
  <testcase name="searchStaff" time="5.886" classname="com.staff.ViewStaff"/>
  <testcase name="editStaff" time="9.558" classname="com.staff.EditStaff"/>
  <testcase name="searchStaff" time="9.223" classname="com.staff.SearchStaff"/>
  <testcase name="delStaff" time="3.839" classname="com.staff.DeleteStaff"/>
</testsuite> <!-- TestGurukula -->
