<?xml version="1.0" encoding="UTF-8"?>
<!-- Generated by org.testng.reporters.JUnitXMLReporter -->
<testsuite hostname="LAPTOP-O49DF7TP" ignored="0" name="TestGurukula" tests="18" failures="0" timestamp="06 Feb 2018 14:57:10 GMT" time="141.825" errors="0">
  <testcase name="login" time="3.998" classname="com.staff.UserLogin"/>
  <testcase name="newBranch" time="5.395" classname="com.staff.AddNewBranch"/>
  <testcase name="newBranch2" time="9.022" classname="com.staff.AddNewBranch"/>
  <testcase name="newBranch3" time="8.963" classname="com.staff.AddNewBranch"/>
  <testcase name="newBranch4" time="8.865" classname="com.staff.AddNewBranch"/>
  <testcase name="viewBranch" time="5.514" classname="com.staff.ViewBranch"/>
  <testcase name="editBranch" time="4.011" classname="com.staff.EditBranch"/>
  <testcase name="editBranchInv" time="6.146" classname="com.staff.EditBranch"/>
  <testcase name="searchBranch" time="9.522" classname="com.staff.SearchBranch"/>
  <testcase name="delBranch" time="11.559" classname="com.staff.DeleteBranch"/>
  <testcase name="addStaff" time="8.763" classname="com.staff.AddNewStaff"/>
  <testcase name="addStaff1" time="8.979" classname="com.staff.AddNewStaff"/>
  <testcase name="addStaff2" time="8.796" classname="com.staff.AddNewStaff"/>
  <testcase name="addStaff3" time="8.698" classname="com.staff.AddNewStaff"/>
  <testcase name="searchStaff" time="5.44" classname="com.staff.ViewStaff"/>
  <testcase name="editStaff" time="8.977" classname="com.staff.EditStaff"/>
  <testcase name="searchStaff" time="8.777" classname="com.staff.SearchStaff"/>
  <testcase name="delStaff" time="3.489" classname="com.staff.DeleteStaff"/>
</testsuite> <!-- TestGurukula -->
