<?xml version="1.0" encoding="UTF-8"?>
<testng-results skipped="0" failed="0" ignored="0" total="21" passed="21">
  <reporter-output>
  </reporter-output>
  <suite name="Suite" duration-ms="153356" started-at="2018-02-06T10:32:40Z" finished-at="2018-02-06T10:35:13Z">
    <groups>
      <group name="UserLogin.login">
        <method signature="UserLogin.login(java.lang.String, java.lang.String)[pri:0, instance:com.staff.UserLogin@28d25987]" name="login" class="com.staff.UserLogin"/>
        <method signature="UserLogout.login(java.lang.String, java.lang.String)[pri:0, instance:com.staff.UserLogout@14bf9759]" name="login" class="com.staff.UserLogout"/>
      </group> <!-- UserLogin.login -->
    </groups>
    <test name="TestGurukula" duration-ms="130620" started-at="2018-02-06T10:32:40Z" finished-at="2018-02-06T10:34:50Z">
      <class name="com.staff.AddNewStaff">
        <test-method status="PASS" signature="addStaff(java.lang.String, int)[pri:10, instance:com.staff.AddNewStaff@5e5792a0]" name="addStaff" duration-ms="9583" depends-on-groups="UserLogin.login" started-at="2018-02-06T11:33:44Z" description="Add a New Staff" finished-at="2018-02-06T11:33:53Z">
          <params>
            <param index="0">
              <value>
                <![CDATA[Sree]]>
              </value>
            </param>
            <param index="1">
              <value>
                <![CDATA[1]]>
              </value>
            </param>
          </params>
          <reporter-output>
          </reporter-output>
        </test-method> <!-- addStaff -->
        <test-method status="PASS" signature="addStaff1(java.lang.String, int)[pri:11, instance:com.staff.AddNewStaff@5e5792a0]" name="addStaff1" duration-ms="9351" depends-on-groups="UserLogin.login" started-at="2018-02-06T11:33:53Z" description="Add a New Staff" finished-at="2018-02-06T11:34:03Z">
          <params>
            <param index="0">
              <value>
                <![CDATA[devi]]>
              </value>
            </param>
            <param index="1">
              <value>
                <![CDATA[2]]>
              </value>
            </param>
          </params>
          <reporter-output>
          </reporter-output>
        </test-method> <!-- addStaff1 -->
        <test-method status="PASS" signature="addStaff2(java.lang.String, int)[pri:12, instance:com.staff.AddNewStaff@5e5792a0]" name="addStaff2" duration-ms="9684" depends-on-groups="UserLogin.login" started-at="2018-02-06T11:34:03Z" description="Add a New Staff" finished-at="2018-02-06T11:34:12Z">
          <params>
            <param index="0">
              <value>
                <![CDATA[Sreedevi]]>
              </value>
            </param>
            <param index="1">
              <value>
                <![CDATA[1]]>
              </value>
            </param>
          </params>
          <reporter-output>
          </reporter-output>
        </test-method> <!-- addStaff2 -->
        <test-method status="PASS" signature="addStaff3(java.lang.String, int)[pri:13, instance:com.staff.AddNewStaff@5e5792a0]" name="addStaff3" duration-ms="9279" depends-on-groups="UserLogin.login" started-at="2018-02-06T11:34:12Z" description="Add a New Staff" finished-at="2018-02-06T11:34:22Z">
          <params>
            <param index="0">
              <value>
                <![CDATA[SP]]>
              </value>
            </param>
            <param index="1">
              <value>
                <![CDATA[3]]>
              </value>
            </param>
          </params>
          <reporter-output>
          </reporter-output>
        </test-method> <!-- addStaff3 -->
      </class> <!-- com.staff.AddNewStaff -->
      <class name="com.staff.ViewStaff">
        <test-method status="PASS" signature="searchStaff()[pri:14, instance:com.staff.ViewStaff@26653222]" name="searchStaff" duration-ms="5886" depends-on-groups="UserLogin.login" started-at="2018-02-06T11:34:22Z" description="View Staff" finished-at="2018-02-06T11:34:27Z">
          <reporter-output>
          </reporter-output>
        </test-method> <!-- searchStaff -->
      </class> <!-- com.staff.ViewStaff -->
      <class name="com.staff.EditBranch">
        <test-method status="PASS" signature="editBranch(java.lang.String, java.lang.String, java.lang.String)[pri:6, instance:com.staff.EditBranch@61832929]" name="editBranch" duration-ms="4710" depends-on-groups="UserLogin.login" started-at="2018-02-06T11:33:11Z" description="Edit Branch Details" finished-at="2018-02-06T11:33:16Z">
          <params>
            <param index="0">
              <value>
                <![CDATA[Coc]]>
              </value>
            </param>
            <param index="1">
              <value>
                <![CDATA[Cochin]]>
              </value>
            </param>
            <param index="2">
              <value>
                <![CDATA[COK]]>
              </value>
            </param>
          </params>
          <reporter-output>
          </reporter-output>
        </test-method> <!-- editBranch -->
        <test-method status="PASS" signature="editBranchInv(java.lang.String)[pri:7, instance:com.staff.EditBranch@61832929]" name="editBranchInv" duration-ms="6136" depends-on-groups="UserLogin.login" started-at="2018-02-06T11:33:16Z" description="Edit Branch Details with invalid branch name" finished-at="2018-02-06T11:33:22Z">
          <params>
            <param index="0">
              <value>
                <![CDATA[Coc]]>
              </value>
            </param>
          </params>
          <reporter-output>
          </reporter-output>
        </test-method> <!-- editBranchInv -->
      </class> <!-- com.staff.EditBranch -->
      <class name="com.staff.EditStaff">
        <test-method status="PASS" signature="editStaff(java.lang.String, int)[pri:15, instance:com.staff.EditStaff@3532ec19]" name="editStaff" duration-ms="9558" depends-on-groups="UserLogin.login" started-at="2018-02-06T11:34:27Z" description="Edit Staff" finished-at="2018-02-06T11:34:37Z">
          <params>
            <param index="0">
              <value>
                <![CDATA[Sreedevi]]>
              </value>
            </param>
            <param index="1">
              <value>
                <![CDATA[0]]>
              </value>
            </param>
          </params>
          <reporter-output>
          </reporter-output>
        </test-method> <!-- editStaff -->
      </class> <!-- com.staff.EditStaff -->
      <class name="com.staff.SearchStaff">
        <test-method status="PASS" signature="searchStaff(java.lang.String)[pri:16, instance:com.staff.SearchStaff@68c4039c]" name="searchStaff" duration-ms="9223" depends-on-groups="UserLogin.login" started-at="2018-02-06T11:34:37Z" description="Search Staff" finished-at="2018-02-06T11:34:46Z">
          <params>
            <param index="0">
              <value>
                <![CDATA[sp]]>
              </value>
            </param>
          </params>
          <reporter-output>
          </reporter-output>
        </test-method> <!-- searchStaff -->
      </class> <!-- com.staff.SearchStaff -->
      <class name="com.staff.SearchBranch">
        <test-method status="PASS" signature="searchBranch(java.lang.String)[pri:8, instance:com.staff.SearchBranch@29774679]" name="searchBranch" duration-ms="10004" depends-on-groups="UserLogin.login" started-at="2018-02-06T11:33:22Z" description="Search for a Branch" finished-at="2018-02-06T11:33:32Z">
          <params>
            <param index="0">
              <value>
                <![CDATA[LN]]>
              </value>
            </param>
          </params>
          <reporter-output>
          </reporter-output>
        </test-method> <!-- searchBranch -->
      </class> <!-- com.staff.SearchBranch -->
      <class name="com.staff.ViewBranch">
        <test-method status="PASS" signature="viewBranch()[pri:5, instance:com.staff.ViewBranch@5b275dab]" name="viewBranch" duration-ms="6134" depends-on-groups="UserLogin.login" started-at="2018-02-06T11:33:05Z" description="View details of a Branch" finished-at="2018-02-06T11:33:11Z">
          <reporter-output>
          </reporter-output>
        </test-method> <!-- viewBranch -->
      </class> <!-- com.staff.ViewBranch -->
      <class name="com.staff.AddNewBranch">
        <test-method status="PASS" signature="newBranch(java.lang.String, java.lang.String)[pri:1, instance:com.staff.AddNewBranch@4501b7af]" name="newBranch" duration-ms="1684" depends-on-groups="UserLogin.login" started-at="2018-02-06T11:32:48Z" description="Create a New Branch" finished-at="2018-02-06T11:32:50Z">
          <params>
            <param index="0">
              <value>
                <![CDATA[Amsterdam]]>
              </value>
            </param>
            <param index="1">
              <value>
                <![CDATA[AMS]]>
              </value>
            </param>
          </params>
          <reporter-output>
          </reporter-output>
        </test-method> <!-- newBranch -->
        <test-method status="PASS" signature="newBranch2(java.lang.String, java.lang.String)[pri:2, instance:com.staff.AddNewBranch@4501b7af]" name="newBranch2" duration-ms="4966" depends-on-groups="UserLogin.login" started-at="2018-02-06T11:32:50Z" description="Create a New Branch" finished-at="2018-02-06T11:32:55Z">
          <params>
            <param index="0">
              <value>
                <![CDATA[Cochin]]>
              </value>
            </param>
            <param index="1">
              <value>
                <![CDATA[COK]]>
              </value>
            </param>
          </params>
          <reporter-output>
          </reporter-output>
        </test-method> <!-- newBranch2 -->
        <test-method status="PASS" signature="newBranch3(java.lang.String, java.lang.String)[pri:3, instance:com.staff.AddNewBranch@4501b7af]" name="newBranch3" duration-ms="4883" depends-on-groups="UserLogin.login" started-at="2018-02-06T11:32:55Z" description="Create a New Branch" finished-at="2018-02-06T11:33:00Z">
          <params>
            <param index="0">
              <value>
                <![CDATA[Dubai]]>
              </value>
            </param>
            <param index="1">
              <value>
                <![CDATA[DXB]]>
              </value>
            </param>
          </params>
          <reporter-output>
          </reporter-output>
        </test-method> <!-- newBranch3 -->
        <test-method status="PASS" signature="newBranch4(java.lang.String, java.lang.String)[pri:4, instance:com.staff.AddNewBranch@4501b7af]" name="newBranch4" duration-ms="4865" depends-on-groups="UserLogin.login" started-at="2018-02-06T11:33:00Z" description="Create a New Branch" finished-at="2018-02-06T11:33:05Z">
          <params>
            <param index="0">
              <value>
                <![CDATA[London]]>
              </value>
            </param>
            <param index="1">
              <value>
                <![CDATA[LON]]>
              </value>
            </param>
          </params>
          <reporter-output>
          </reporter-output>
        </test-method> <!-- newBranch4 -->
      </class> <!-- com.staff.AddNewBranch -->
      <class name="com.staff.DeleteStaff">
        <test-method status="PASS" signature="delStaff()[pri:17, instance:com.staff.DeleteStaff@ae45eb6]" name="delStaff" duration-ms="3839" depends-on-groups="UserLogin.login" started-at="2018-02-06T11:34:46Z" description="Delete Staff" finished-at="2018-02-06T11:34:50Z">
          <reporter-output>
          </reporter-output>
        </test-method> <!-- delStaff -->
      </class> <!-- com.staff.DeleteStaff -->
      <class name="com.staff.DeleteBranch">
        <test-method status="PASS" signature="delBranch()[pri:9, instance:com.staff.DeleteBranch@3ffc5af1]" name="delBranch" duration-ms="11823" depends-on-groups="UserLogin.login" started-at="2018-02-06T11:33:32Z" description="Delete a Branch" finished-at="2018-02-06T11:33:44Z">
          <reporter-output>
          </reporter-output>
        </test-method> <!-- delBranch -->
      </class> <!-- com.staff.DeleteBranch -->
      <class name="com.staff.UserLogin">
        <test-method status="PASS" signature="openSession(java.lang.String)[pri:0, instance:com.staff.UserLogin@28d25987]" name="openSession" is-config="true" duration-ms="4912" started-at="2018-02-06T11:32:40Z" finished-at="2018-02-06T11:32:45Z">
          <params>
            <param index="0">
              <value>
                <![CDATA[http://127.0.0.1:8081]]>
              </value>
            </param>
          </params>
          <reporter-output>
          </reporter-output>
        </test-method> <!-- openSession -->
        <test-method status="PASS" signature="login(java.lang.String, java.lang.String)[pri:0, instance:com.staff.UserLogin@28d25987]" name="login" duration-ms="3901" started-at="2018-02-06T11:32:45Z" description="Login to Gurukula" finished-at="2018-02-06T11:32:48Z">
          <params>
            <param index="0">
              <value>
                <![CDATA[admin]]>
              </value>
            </param>
            <param index="1">
              <value>
                <![CDATA[admin]]>
              </value>
            </param>
          </params>
          <reporter-output>
          </reporter-output>
        </test-method> <!-- login -->
        <test-method status="PASS" signature="closeSession()[pri:0, instance:com.staff.UserLogin@28d25987]" name="closeSession" is-config="true" duration-ms="116" started-at="2018-02-06T11:34:50Z" finished-at="2018-02-06T11:34:50Z">
          <reporter-output>
          </reporter-output>
        </test-method> <!-- closeSession -->
      </class> <!-- com.staff.UserLogin -->
    </test> <!-- TestGurukula -->
    <test name="NewUser" duration-ms="13825" started-at="2018-02-06T10:34:50Z" finished-at="2018-02-06T10:35:04Z">
      <class name="com.staff.NewUserRegistration">
        <test-method status="PASS" signature="openSession(java.lang.String)[pri:0, instance:com.staff.NewUserRegistration@f6c48ac]" name="openSession" is-config="true" duration-ms="4046" started-at="2018-02-06T11:34:50Z" finished-at="2018-02-06T11:34:54Z">
          <params>
            <param index="0">
              <value>
                <![CDATA[http://127.0.0.1:8081]]>
              </value>
            </param>
          </params>
          <reporter-output>
          </reporter-output>
        </test-method> <!-- openSession -->
        <test-method status="PASS" signature="newUser(java.lang.String, java.lang.String, java.lang.String, java.lang.String)[pri:1, instance:com.staff.NewUserRegistration@f6c48ac]" name="newUser" duration-ms="7660" started-at="2018-02-06T11:34:54Z" description="Register a new user" finished-at="2018-02-06T11:35:02Z">
          <params>
            <param index="0">
              <value>
                <![CDATA[sree]]>
              </value>
            </param>
            <param index="1">
              <value>
                <![CDATA[sreedevi_pratap@yahoo.com]]>
              </value>
            </param>
            <param index="2">
              <value>
                <![CDATA[sreed]]>
              </value>
            </param>
            <param index="3">
              <value>
                <![CDATA[sreed]]>
              </value>
            </param>
          </params>
          <reporter-output>
          </reporter-output>
        </test-method> <!-- newUser -->
        <test-method status="PASS" signature="closeSession()[pri:0, instance:com.staff.NewUserRegistration@f6c48ac]" name="closeSession" is-config="true" duration-ms="2114" started-at="2018-02-06T11:35:02Z" finished-at="2018-02-06T11:35:04Z">
          <reporter-output>
          </reporter-output>
        </test-method> <!-- closeSession -->
      </class> <!-- com.staff.NewUserRegistration -->
    </test> <!-- NewUser -->
    <test name="LoginLogout" duration-ms="8848" started-at="2018-02-06T10:35:04Z" finished-at="2018-02-06T10:35:13Z">
      <class name="com.staff.UserLogout">
        <test-method status="PASS" signature="openSession(java.lang.String)[pri:0, instance:com.staff.UserLogout@14bf9759]" name="openSession" is-config="true" duration-ms="4171" started-at="2018-02-06T11:35:04Z" finished-at="2018-02-06T11:35:08Z">
          <params>
            <param index="0">
              <value>
                <![CDATA[http://127.0.0.1:8081]]>
              </value>
            </param>
          </params>
          <reporter-output>
          </reporter-output>
        </test-method> <!-- openSession -->
        <test-method status="PASS" signature="login(java.lang.String, java.lang.String)[pri:0, instance:com.staff.UserLogout@14bf9759]" name="login" duration-ms="4262" started-at="2018-02-06T11:35:08Z" description="Login to Gurukula" finished-at="2018-02-06T11:35:13Z">
          <params>
            <param index="0">
              <value>
                <![CDATA[admin]]>
              </value>
            </param>
            <param index="1">
              <value>
                <![CDATA[admin]]>
              </value>
            </param>
          </params>
          <reporter-output>
          </reporter-output>
        </test-method> <!-- login -->
        <test-method status="PASS" signature="logout()[pri:0, instance:com.staff.UserLogout@14bf9759]" name="logout" duration-ms="337" started-at="2018-02-06T11:35:13Z" finished-at="2018-02-06T11:35:13Z">
          <reporter-output>
          </reporter-output>
        </test-method> <!-- logout -->
        <test-method status="PASS" signature="closeSession()[pri:0, instance:com.staff.UserLogout@14bf9759]" name="closeSession" is-config="true" duration-ms="74" started-at="2018-02-06T11:35:13Z" finished-at="2018-02-06T11:35:13Z">
          <reporter-output>
          </reporter-output>
        </test-method> <!-- closeSession -->
      </class> <!-- com.staff.UserLogout -->
    </test> <!-- LoginLogout -->
  </suite> <!-- Suite -->
</testng-results>
